<?xml version="1.0" encoding="UTF-8"?>
<testsuites name="Final Assignment Web 2" time="120.894" tests="5" failures="0" errors="0">
   <testsuite name="Final Assignment - Account" tests="5" failures="0" errors="0" time="119.256" skipped="0" timestamp="12-02-2024T11:15:04" hostname="admin - 172.16.213.220" id="Test Suites/Final Assignment - Account">
      <properties>
         <property name="deviceName" value=""/>
         <property name="devicePlatform" value=""/>
         <property name="logFolder" value="/Users/admin/git/assignment/Reports/20240212_111500/Final Assignment - Account/20240212_111501"/>
         <property name="logFiles" value="/Users/admin/git/assignment/Reports/20240212_111500/Final Assignment - Account/20240212_111501/execution0.log"/>
         <property name="attachments" value=""/>
         <property name="hostName" value="admin - 172.16.213.220"/>
         <property name="os" value="Mac OS X 64bit"/>
         <property name="katalonVersion" value="9.3.0.212"/>
         <property name="browser" value="Chrome 117.0.0.0"/>
         <property name="hostAddress" value="172.16.213.220"/>
         <property name="sessionId" value="8bfbce04e3bd770498c2e8aac5d5a366"/>
         <property name="seleniumVersion" value="3.141.59"/>
         <property name="proxyInformation" value="ProxyInformation { proxyOption=NO_PROXY, proxyServerType=HTTP, username=, password=********, proxyServerAddress=, proxyServerPort=0, executionList=&quot;&quot;, isApplyToDesiredCapabilities=true }"/>
         <property name="platform" value="Mac OS X"/>
      </properties>
      <testcase name="Test Cases/Final Assignment - Login" time="15.234" classname="Test Cases/Final Assignment - Login" status="PASSED">
         <system-out><![CDATA[12-02-2024T11:15:04 - [TEST_CASE][PASSED] - Test Cases/Final Assignment - Login: Test Cases/Final Assignment - Login

12-02-2024T11:15:04 - [TEST_STEP][PASSED] - openBrowser(""): Browser is opened with url: ''

12-02-2024T11:15:04 - [MESSAGE][INFO] - Starting 'Chrome' driver

12-02-2024T11:15:04 - [MESSAGE][INFO] - Action delay is set to 0 milliseconds

12-02-2024T11:15:06 - [MESSAGE][PASSED] - Browser is opened with url: ''

12-02-2024T11:15:06 - [TEST_STEP][PASSED] - navigateToUrl("https://advantageonlineshopping.com/#/"): Navigate to 'https://advantageonlineshopping.com/#/' successfully

12-02-2024T11:15:08 - [MESSAGE][PASSED] - Navigate to 'https://advantageonlineshopping.com/#/' successfully

12-02-2024T11:15:08 - [TEST_STEP][PASSED] - click(findTestObject("Object Repository/Page_Advantage Shopping/svg_CHECKOUT  (0.00)_menuUser")): Object: 'Object Repository/Page_Advantage Shopping/svg_CHECKOUT  (0.00)_menuUser' is clicked on

12-02-2024T11:15:10 - [MESSAGE][PASSED] - Object: 'Object Repository/Page_Advantage Shopping/svg_CHECKOUT  (0.00)_menuUser' is clicked on

12-02-2024T11:15:10 - [TEST_STEP][PASSED] - setText(findTestObject("Object Repository/Page_Advantage Shopping/input_OR_username"), UserName): Text 'namuu' is set on object 'Object Repository/Page_Advantage Shopping/input_OR_username'

12-02-2024T11:15:11 - [MESSAGE][PASSED] - Text 'namuu' is set on object 'Object Repository/Page_Advantage Shopping/input_OR_username'

12-02-2024T11:15:11 - [TEST_STEP][PASSED] - click(findTestObject("Object Repository/Page_Advantage Shopping/label_Password")): Object: 'Object Repository/Page_Advantage Shopping/label_Password' is clicked on

12-02-2024T11:15:14 - [MESSAGE][PASSED] - Object: 'Object Repository/Page_Advantage Shopping/label_Password' is clicked on

12-02-2024T11:15:14 - [TEST_STEP][PASSED] - setText(findTestObject("Object Repository/Page_Advantage Shopping/input_Username_password"), Password): Text 'Halo1' is set on object 'Object Repository/Page_Advantage Shopping/input_Username_password'

12-02-2024T11:15:15 - [MESSAGE][PASSED] - Text 'Halo1' is set on object 'Object Repository/Page_Advantage Shopping/input_Username_password'

12-02-2024T11:15:15 - [TEST_STEP][PASSED] - if (rememberMe == "yes"): Object: 'Object Repository/Page_Advantage Shopping/input_Email_remember_me' is clicked on

12-02-2024T11:15:15 - [TEST_STEP][PASSED] - click(findTestObject("Object Repository/Page_Advantage Shopping/input_Email_remember_me")): Object: 'Object Repository/Page_Advantage Shopping/input_Email_remember_me' is clicked on

12-02-2024T11:15:16 - [MESSAGE][PASSED] - Object: 'Object Repository/Page_Advantage Shopping/input_Email_remember_me' is clicked on

12-02-2024T11:15:16 - [TEST_STEP][PASSED] - click(findTestObject("Object Repository/Page_Advantage Shopping/button_SIGN IN")): Object: 'Object Repository/Page_Advantage Shopping/button_SIGN IN' is clicked on

12-02-2024T11:15:16 - [MESSAGE][PASSED] - Object: 'Object Repository/Page_Advantage Shopping/button_SIGN IN' is clicked on

12-02-2024T11:15:16 - [TEST_STEP][PASSED] - click(findTestObject("Object Repository/Page_Advantage Shopping/span_namuu")): Object: 'Object Repository/Page_Advantage Shopping/span_namuu' is clicked on

12-02-2024T11:15:19 - [MESSAGE][PASSED] - Object: 'Object Repository/Page_Advantage Shopping/span_namuu' is clicked on]]></system-out>
         <system-err><![CDATA[]]></system-err>
      </testcase>
      <testcase name="Test Cases/Final Assignment - Login" time="14.585" classname="Test Cases/Final Assignment - Login" status="PASSED">
         <system-out><![CDATA[12-02-2024T11:15:19 - [TEST_CASE][PASSED] - Test Cases/Final Assignment - Login: Test Cases/Final Assignment - Login

12-02-2024T11:15:19 - [TEST_STEP][PASSED] - openBrowser(""): Browser is opened with url: ''

12-02-2024T11:15:19 - [MESSAGE][WARNING] - A browser is already opened. Closing browser and opening a new one

12-02-2024T11:15:19 - [MESSAGE][INFO] - Starting 'Chrome' driver

12-02-2024T11:15:19 - [MESSAGE][INFO] - Action delay is set to 0 milliseconds

12-02-2024T11:15:20 - [MESSAGE][PASSED] - Browser is opened with url: ''

12-02-2024T11:15:20 - [TEST_STEP][PASSED] - navigateToUrl("https://advantageonlineshopping.com/#/"): Navigate to 'https://advantageonlineshopping.com/#/' successfully

12-02-2024T11:15:23 - [MESSAGE][PASSED] - Navigate to 'https://advantageonlineshopping.com/#/' successfully

12-02-2024T11:15:23 - [TEST_STEP][PASSED] - click(findTestObject("Object Repository/Page_Advantage Shopping/svg_CHECKOUT  (0.00)_menuUser")): Object: 'Object Repository/Page_Advantage Shopping/svg_CHECKOUT  (0.00)_menuUser' is clicked on

12-02-2024T11:15:27 - [MESSAGE][PASSED] - Object: 'Object Repository/Page_Advantage Shopping/svg_CHECKOUT  (0.00)_menuUser' is clicked on

12-02-2024T11:15:27 - [TEST_STEP][PASSED] - setText(findTestObject("Object Repository/Page_Advantage Shopping/input_OR_username"), UserName): Text 'namasata' is set on object 'Object Repository/Page_Advantage Shopping/input_OR_username'

12-02-2024T11:15:28 - [MESSAGE][PASSED] - Text 'namasata' is set on object 'Object Repository/Page_Advantage Shopping/input_OR_username'

12-02-2024T11:15:28 - [TEST_STEP][PASSED] - click(findTestObject("Object Repository/Page_Advantage Shopping/label_Password")): Object: 'Object Repository/Page_Advantage Shopping/label_Password' is clicked on

12-02-2024T11:15:29 - [MESSAGE][PASSED] - Object: 'Object Repository/Page_Advantage Shopping/label_Password' is clicked on

12-02-2024T11:15:29 - [TEST_STEP][PASSED] - setText(findTestObject("Object Repository/Page_Advantage Shopping/input_Username_password"), Password): Text 'Hey123' is set on object 'Object Repository/Page_Advantage Shopping/input_Username_password'

12-02-2024T11:15:30 - [MESSAGE][PASSED] - Text 'Hey123' is set on object 'Object Repository/Page_Advantage Shopping/input_Username_password'

12-02-2024T11:15:30 - [TEST_STEP][PASSED] - if (rememberMe == "yes"): null

12-02-2024T11:15:30 - [TEST_STEP][PASSED] - else: null

12-02-2024T11:15:30 - [TEST_STEP][PASSED] - click(findTestObject("Object Repository/Page_Advantage Shopping/button_SIGN IN")): Object: 'Object Repository/Page_Advantage Shopping/button_SIGN IN' is clicked on

12-02-2024T11:15:31 - [MESSAGE][PASSED] - Object: 'Object Repository/Page_Advantage Shopping/button_SIGN IN' is clicked on

12-02-2024T11:15:31 - [TEST_STEP][PASSED] - click(findTestObject("Object Repository/Page_Advantage Shopping/span_namuu")): Object: 'Object Repository/Page_Advantage Shopping/span_namuu' is clicked on

12-02-2024T11:15:34 - [MESSAGE][PASSED] - Object: 'Object Repository/Page_Advantage Shopping/span_namuu' is clicked on]]></system-out>
         <system-err><![CDATA[]]></system-err>
      </testcase>
      <testcase name="Test Cases/Final Assignment - Login" time="15.152" classname="Test Cases/Final Assignment - Login" status="PASSED">
         <system-out><![CDATA[12-02-2024T11:15:34 - [TEST_CASE][PASSED] - Test Cases/Final Assignment - Login: Test Cases/Final Assignment - Login

12-02-2024T11:15:34 - [TEST_STEP][PASSED] - openBrowser(""): Browser is opened with url: ''

12-02-2024T11:15:34 - [MESSAGE][WARNING] - A browser is already opened. Closing browser and opening a new one

12-02-2024T11:15:34 - [MESSAGE][INFO] - Starting 'Chrome' driver

12-02-2024T11:15:34 - [MESSAGE][INFO] - Action delay is set to 0 milliseconds

12-02-2024T11:15:35 - [MESSAGE][PASSED] - Browser is opened with url: ''

12-02-2024T11:15:35 - [TEST_STEP][PASSED] - navigateToUrl("https://advantageonlineshopping.com/#/"): Navigate to 'https://advantageonlineshopping.com/#/' successfully

12-02-2024T11:15:38 - [MESSAGE][PASSED] - Navigate to 'https://advantageonlineshopping.com/#/' successfully

12-02-2024T11:15:38 - [TEST_STEP][PASSED] - click(findTestObject("Object Repository/Page_Advantage Shopping/svg_CHECKOUT  (0.00)_menuUser")): Object: 'Object Repository/Page_Advantage Shopping/svg_CHECKOUT  (0.00)_menuUser' is clicked on

12-02-2024T11:15:42 - [MESSAGE][PASSED] - Object: 'Object Repository/Page_Advantage Shopping/svg_CHECKOUT  (0.00)_menuUser' is clicked on

12-02-2024T11:15:42 - [TEST_STEP][PASSED] - setText(findTestObject("Object Repository/Page_Advantage Shopping/input_OR_username"), UserName): Text 'cieci' is set on object 'Object Repository/Page_Advantage Shopping/input_OR_username'

12-02-2024T11:15:43 - [MESSAGE][PASSED] - Text 'cieci' is set on object 'Object Repository/Page_Advantage Shopping/input_OR_username'

12-02-2024T11:15:43 - [TEST_STEP][PASSED] - click(findTestObject("Object Repository/Page_Advantage Shopping/label_Password")): Object: 'Object Repository/Page_Advantage Shopping/label_Password' is clicked on

12-02-2024T11:15:44 - [MESSAGE][PASSED] - Object: 'Object Repository/Page_Advantage Shopping/label_Password' is clicked on

12-02-2024T11:15:44 - [TEST_STEP][PASSED] - setText(findTestObject("Object Repository/Page_Advantage Shopping/input_Username_password"), Password): Text 'Cui123' is set on object 'Object Repository/Page_Advantage Shopping/input_Username_password'

12-02-2024T11:15:45 - [MESSAGE][PASSED] - Text 'Cui123' is set on object 'Object Repository/Page_Advantage Shopping/input_Username_password'

12-02-2024T11:15:45 - [TEST_STEP][PASSED] - if (rememberMe == "yes"): Object: 'Object Repository/Page_Advantage Shopping/input_Email_remember_me' is clicked on

12-02-2024T11:15:45 - [TEST_STEP][PASSED] - click(findTestObject("Object Repository/Page_Advantage Shopping/input_Email_remember_me")): Object: 'Object Repository/Page_Advantage Shopping/input_Email_remember_me' is clicked on

12-02-2024T11:15:46 - [MESSAGE][PASSED] - Object: 'Object Repository/Page_Advantage Shopping/input_Email_remember_me' is clicked on

12-02-2024T11:15:46 - [TEST_STEP][PASSED] - click(findTestObject("Object Repository/Page_Advantage Shopping/button_SIGN IN")): Object: 'Object Repository/Page_Advantage Shopping/button_SIGN IN' is clicked on

12-02-2024T11:15:46 - [MESSAGE][PASSED] - Object: 'Object Repository/Page_Advantage Shopping/button_SIGN IN' is clicked on

12-02-2024T11:15:46 - [TEST_STEP][PASSED] - click(findTestObject("Object Repository/Page_Advantage Shopping/span_namuu")): Object: 'Object Repository/Page_Advantage Shopping/span_namuu' is clicked on

12-02-2024T11:15:49 - [MESSAGE][PASSED] - Object: 'Object Repository/Page_Advantage Shopping/span_namuu' is clicked on]]></system-out>
         <system-err><![CDATA[]]></system-err>
      </testcase>
      <testcase name="Test Cases/Final Assignment - Login" time="14.105" classname="Test Cases/Final Assignment - Login" status="PASSED">
         <system-out><![CDATA[12-02-2024T11:15:49 - [TEST_CASE][PASSED] - Test Cases/Final Assignment - Login: Test Cases/Final Assignment - Login

12-02-2024T11:15:49 - [TEST_STEP][PASSED] - openBrowser(""): Browser is opened with url: ''

12-02-2024T11:15:49 - [MESSAGE][WARNING] - A browser is already opened. Closing browser and opening a new one

12-02-2024T11:15:49 - [MESSAGE][INFO] - Starting 'Chrome' driver

12-02-2024T11:15:49 - [MESSAGE][INFO] - Action delay is set to 0 milliseconds

12-02-2024T11:15:50 - [MESSAGE][PASSED] - Browser is opened with url: ''

12-02-2024T11:15:50 - [TEST_STEP][PASSED] - navigateToUrl("https://advantageonlineshopping.com/#/"): Navigate to 'https://advantageonlineshopping.com/#/' successfully

12-02-2024T11:15:53 - [MESSAGE][PASSED] - Navigate to 'https://advantageonlineshopping.com/#/' successfully

12-02-2024T11:15:53 - [TEST_STEP][PASSED] - click(findTestObject("Object Repository/Page_Advantage Shopping/svg_CHECKOUT  (0.00)_menuUser")): Object: 'Object Repository/Page_Advantage Shopping/svg_CHECKOUT  (0.00)_menuUser' is clicked on

12-02-2024T11:15:57 - [MESSAGE][PASSED] - Object: 'Object Repository/Page_Advantage Shopping/svg_CHECKOUT  (0.00)_menuUser' is clicked on

12-02-2024T11:15:57 - [TEST_STEP][PASSED] - setText(findTestObject("Object Repository/Page_Advantage Shopping/input_OR_username"), UserName): Text 'testinglagi' is set on object 'Object Repository/Page_Advantage Shopping/input_OR_username'

12-02-2024T11:15:58 - [MESSAGE][PASSED] - Text 'testinglagi' is set on object 'Object Repository/Page_Advantage Shopping/input_OR_username'

12-02-2024T11:15:58 - [TEST_STEP][PASSED] - click(findTestObject("Object Repository/Page_Advantage Shopping/label_Password")): Object: 'Object Repository/Page_Advantage Shopping/label_Password' is clicked on

12-02-2024T11:15:59 - [MESSAGE][PASSED] - Object: 'Object Repository/Page_Advantage Shopping/label_Password' is clicked on

12-02-2024T11:15:59 - [TEST_STEP][PASSED] - setText(findTestObject("Object Repository/Page_Advantage Shopping/input_Username_password"), Password): Text 'P@ssw0rd' is set on object 'Object Repository/Page_Advantage Shopping/input_Username_password'

12-02-2024T11:16:00 - [MESSAGE][PASSED] - Text 'P@ssw0rd' is set on object 'Object Repository/Page_Advantage Shopping/input_Username_password'

12-02-2024T11:16:00 - [TEST_STEP][PASSED] - if (rememberMe == "yes"): null

12-02-2024T11:16:00 - [TEST_STEP][PASSED] - else: null

12-02-2024T11:16:00 - [TEST_STEP][PASSED] - click(findTestObject("Object Repository/Page_Advantage Shopping/button_SIGN IN")): Object: 'Object Repository/Page_Advantage Shopping/button_SIGN IN' is clicked on

12-02-2024T11:16:01 - [MESSAGE][PASSED] - Object: 'Object Repository/Page_Advantage Shopping/button_SIGN IN' is clicked on

12-02-2024T11:16:01 - [TEST_STEP][PASSED] - click(findTestObject("Object Repository/Page_Advantage Shopping/span_namuu")): Object: 'Object Repository/Page_Advantage Shopping/span_namuu' is clicked on

12-02-2024T11:16:03 - [MESSAGE][PASSED] - Object: 'Object Repository/Page_Advantage Shopping/span_namuu' is clicked on]]></system-out>
         <system-err><![CDATA[]]></system-err>
      </testcase>
      <testcase name="Test Cases/Final Assignment - Registrasi" time="60.017" classname="Test Cases/Final Assignment - Registrasi" status="PASSED">
         <system-out><![CDATA[12-02-2024T11:16:03 - [TEST_CASE][PASSED] - Test Cases/Final Assignment - Registrasi: Test Cases/Final Assignment - Registrasi

12-02-2024T11:16:03 - [TEST_STEP][PASSED] - openBrowser(""): Browser is opened with url: ''

12-02-2024T11:16:03 - [MESSAGE][WARNING] - A browser is already opened. Closing browser and opening a new one

12-02-2024T11:16:03 - [MESSAGE][INFO] - Starting 'Chrome' driver

12-02-2024T11:16:03 - [MESSAGE][INFO] - Action delay is set to 0 milliseconds

12-02-2024T11:16:04 - [MESSAGE][PASSED] - Browser is opened with url: ''

12-02-2024T11:16:04 - [TEST_STEP][PASSED] - navigateToUrl("https://advantageonlineshopping.com/#/"): Navigate to 'https://advantageonlineshopping.com/#/' successfully

12-02-2024T11:16:07 - [MESSAGE][PASSED] - Navigate to 'https://advantageonlineshopping.com/#/' successfully

12-02-2024T11:16:07 - [TEST_STEP][PASSED] - maximizeWindow(): Current window maximized

12-02-2024T11:16:07 - [MESSAGE][PASSED] - Current window maximized

12-02-2024T11:16:07 - [TEST_STEP][PASSED] - click(findTestObject("Object Repository/Registrasi/Page_Advantage Shopping/svg_CHECKOUT  (0.00)_menuUser")): Object: 'Object Repository/Registrasi/Page_Advantage Shopping/svg_CHECKOUT  (0.00)_menuUser' is clicked on

12-02-2024T11:16:11 - [MESSAGE][PASSED] - Object: 'Object Repository/Registrasi/Page_Advantage Shopping/svg_CHECKOUT  (0.00)_menuUser' is clicked on

12-02-2024T11:16:11 - [TEST_STEP][PASSED] - click(findTestObject("Object Repository/Registrasi/Page_Advantage Shopping/a_CREATE NEW ACCOUNT")): Object: 'Object Repository/Registrasi/Page_Advantage Shopping/a_CREATE NEW ACCOUNT' is clicked on

12-02-2024T11:16:13 - [MESSAGE][PASSED] - Object: 'Object Repository/Registrasi/Page_Advantage Shopping/a_CREATE NEW ACCOUNT' is clicked on

12-02-2024T11:16:13 - [TEST_STEP][PASSED] - setText(findTestObject("Object Repository/Registrasi/Page_Advantage Shopping/input__usernameRegisterPage"), "testinglagi7"): Text 'testinglagi7' is set on object 'Object Repository/Registrasi/Page_Advantage Shopping/input__usernameRegisterPage'

12-02-2024T11:16:14 - [MESSAGE][PASSED] - Text 'testinglagi7' is set on object 'Object Repository/Registrasi/Page_Advantage Shopping/input__usernameRegisterPage'

12-02-2024T11:16:14 - [TEST_STEP][PASSED] - click(findTestObject("Object Repository/Registrasi/Page_Advantage Shopping/label_Email")): Object: 'Object Repository/Registrasi/Page_Advantage Shopping/label_Email' is clicked on

12-02-2024T11:16:14 - [MESSAGE][PASSED] - Object: 'Object Repository/Registrasi/Page_Advantage Shopping/label_Email' is clicked on

12-02-2024T11:16:14 - [TEST_STEP][PASSED] - setText(findTestObject("Object Repository/Registrasi/Page_Advantage Shopping/input__emailRegisterPage"), "testing@gmail.com"): Text 'testing@gmail.com' is set on object 'Object Repository/Registrasi/Page_Advantage Shopping/input__emailRegisterPage'

12-02-2024T11:16:15 - [MESSAGE][PASSED] - Text 'testing@gmail.com' is set on object 'Object Repository/Registrasi/Page_Advantage Shopping/input__emailRegisterPage'

12-02-2024T11:16:15 - [TEST_STEP][PASSED] - setEncryptedText(findTestObject("Object Repository/Registrasi/Page_Advantage Shopping/input__passwordRegisterPage"), "iFGeFYmXIrUhQZHvW7P22w=="): Text ****** has been set on object 'Object Repository/Registrasi/Page_Advantage Shopping/input__passwordRegisterPage'

12-02-2024T11:16:16 - [MESSAGE][PASSED] - Text ****** has been set on object 'Object Repository/Registrasi/Page_Advantage Shopping/input__passwordRegisterPage'

12-02-2024T11:16:16 - [TEST_STEP][PASSED] - click(findTestObject("Object Repository/Registrasi/Page_Advantage Shopping/label_Confirm password")): Object: 'Object Repository/Registrasi/Page_Advantage Shopping/label_Confirm password' is clicked on

12-02-2024T11:16:17 - [MESSAGE][PASSED] - Object: 'Object Repository/Registrasi/Page_Advantage Shopping/label_Confirm password' is clicked on

12-02-2024T11:16:17 - [TEST_STEP][PASSED] - setEncryptedText(findTestObject("Object Repository/Registrasi/Page_Advantage Shopping/input__confirm_passwordRegisterPage"), "iFGeFYmXIrUhQZHvW7P22w=="): Text ****** has been set on object 'Object Repository/Registrasi/Page_Advantage Shopping/input__confirm_passwordRegisterPage'

12-02-2024T11:16:18 - [MESSAGE][PASSED] - Text ****** has been set on object 'Object Repository/Registrasi/Page_Advantage Shopping/input__confirm_passwordRegisterPage'

12-02-2024T11:16:18 - [TEST_STEP][PASSED] - setText(findTestObject("Object Repository/Registrasi/Page_Advantage Shopping/input_PERSONAL DETAILS_first_nameRegisterPage"), "Testing"): Text 'Testing' is set on object 'Object Repository/Registrasi/Page_Advantage Shopping/input_PERSONAL DETAILS_first_nameRegisterPage'

12-02-2024T11:16:20 - [MESSAGE][PASSED] - Text 'Testing' is set on object 'Object Repository/Registrasi/Page_Advantage Shopping/input_PERSONAL DETAILS_first_nameRegisterPage'

12-02-2024T11:16:20 - [TEST_STEP][PASSED] - click(findTestObject("Object Repository/Registrasi/Page_Advantage Shopping/label_Last Name")): Object: 'Object Repository/Registrasi/Page_Advantage Shopping/label_Last Name' is clicked on

12-02-2024T11:16:20 - [MESSAGE][PASSED] - Object: 'Object Repository/Registrasi/Page_Advantage Shopping/label_Last Name' is clicked on

12-02-2024T11:16:20 - [TEST_STEP][PASSED] - setText(findTestObject("Object Repository/Registrasi/Page_Advantage Shopping/input_- Use maximum 30 character_last_nameR_6ef033"), "Assignment"): Text 'Assignment' is set on object 'Object Repository/Registrasi/Page_Advantage Shopping/input_- Use maximum 30 character_last_nameR_6ef033'

12-02-2024T11:16:22 - [MESSAGE][PASSED] - Text 'Assignment' is set on object 'Object Repository/Registrasi/Page_Advantage Shopping/input_- Use maximum 30 character_last_nameR_6ef033'

12-02-2024T11:16:22 - [TEST_STEP][PASSED] - setText(findTestObject("Object Repository/Registrasi/Page_Advantage Shopping/input_- Use maximum 30 character_phone_numb_7c938a"), "0812345678"): Text '0812345678' is set on object 'Object Repository/Registrasi/Page_Advantage Shopping/input_- Use maximum 30 character_phone_numb_7c938a'

12-02-2024T11:16:23 - [MESSAGE][PASSED] - Text '0812345678' is set on object 'Object Repository/Registrasi/Page_Advantage Shopping/input_- Use maximum 30 character_phone_numb_7c938a'

12-02-2024T11:16:23 - [TEST_STEP][PASSED] - selectOptionByValue(findTestObject("Object Repository/Registrasi/Page_Advantage Shopping/select_AfganistanAlbaniaAlgeriaAmerican Sam_3cef8a"), "object:250", true): All options with value 'object:250' are selected in object 'Object Repository/Registrasi/Page_Advantage Shopping/select_AfganistanAlbaniaAlgeriaAmerican Sam_3cef8a'  using regular expression

12-02-2024T11:16:26 - [MESSAGE][PASSED] - All options with value 'object:250' are selected in object 'Object Repository/Registrasi/Page_Advantage Shopping/select_AfganistanAlbaniaAlgeriaAmerican Sam_3cef8a'  using regular expression

12-02-2024T11:16:26 - [TEST_STEP][PASSED] - setText(findTestObject("Object Repository/Registrasi/Page_Advantage Shopping/input_Country_cityRegisterPage"), "Jakarta"): Text 'Jakarta' is set on object 'Object Repository/Registrasi/Page_Advantage Shopping/input_Country_cityRegisterPage'

12-02-2024T11:16:27 - [MESSAGE][PASSED] - Text 'Jakarta' is set on object 'Object Repository/Registrasi/Page_Advantage Shopping/input_Country_cityRegisterPage'

12-02-2024T11:16:27 - [TEST_STEP][PASSED] - setText(findTestObject("Object Repository/Registrasi/Page_Advantage Shopping/input_- Use maximum 25 character_addressReg_9e23b3"), "Jalan testing"): Text 'Jalan testing' is set on object 'Object Repository/Registrasi/Page_Advantage Shopping/input_- Use maximum 25 character_addressReg_9e23b3'

12-02-2024T11:16:28 - [MESSAGE][PASSED] - Text 'Jalan testing' is set on object 'Object Repository/Registrasi/Page_Advantage Shopping/input_- Use maximum 25 character_addressReg_9e23b3'

12-02-2024T11:16:28 - [TEST_STEP][PASSED] - click(findTestObject("Object Repository/Registrasi/Page_Advantage Shopping/label_State  Province  Region")): Object: 'Object Repository/Registrasi/Page_Advantage Shopping/label_State  Province  Region' is clicked on

12-02-2024T11:16:28 - [MESSAGE][PASSED] - Object: 'Object Repository/Registrasi/Page_Advantage Shopping/label_State  Province  Region' is clicked on

12-02-2024T11:16:28 - [TEST_STEP][PASSED] - setText(findTestObject("Object Repository/Registrasi/Page_Advantage Shopping/input_- Use maximum 50 character_state__pro_272a54"), "Jakarta"): Text 'Jakarta' is set on object 'Object Repository/Registrasi/Page_Advantage Shopping/input_- Use maximum 50 character_state__pro_272a54'

12-02-2024T11:16:30 - [MESSAGE][PASSED] - Text 'Jakarta' is set on object 'Object Repository/Registrasi/Page_Advantage Shopping/input_- Use maximum 50 character_state__pro_272a54'

12-02-2024T11:16:30 - [TEST_STEP][PASSED] - setText(findTestObject("Object Repository/Registrasi/Page_Advantage Shopping/input_- Use maximum 10 character_postal_cod_639c2f"), "1234"): Text '1234' is set on object 'Object Repository/Registrasi/Page_Advantage Shopping/input_- Use maximum 10 character_postal_cod_639c2f'

12-02-2024T11:16:31 - [MESSAGE][PASSED] - Text '1234' is set on object 'Object Repository/Registrasi/Page_Advantage Shopping/input_- Use maximum 10 character_postal_cod_639c2f'

12-02-2024T11:16:31 - [TEST_STEP][PASSED] - click(findTestObject("Object Repository/Registrasi/Page_Advantage Shopping/input_Receive exclusive offers and promotio_5c7450")): Object: 'Object Repository/Registrasi/Page_Advantage Shopping/input_Receive exclusive offers and promotio_5c7450' is clicked on

12-02-2024T11:16:31 - [MESSAGE][PASSED] - Object: 'Object Repository/Registrasi/Page_Advantage Shopping/input_Receive exclusive offers and promotio_5c7450' is clicked on

12-02-2024T11:16:31 - [TEST_STEP][PASSED] - click(findTestObject("Object Repository/Registrasi/Page_Advantage Shopping/button_REGISTER")): Object: 'Object Repository/Registrasi/Page_Advantage Shopping/button_REGISTER' is clicked on

12-02-2024T11:16:32 - [MESSAGE][PASSED] - Object: 'Object Repository/Registrasi/Page_Advantage Shopping/button_REGISTER' is clicked on

12-02-2024T11:16:32 - [TEST_STEP][PASSED] - click(findTestObject("Registrasi/Page_Advantage Shopping/path_testinglagi_menuUserSVGPath")): Object: 'Object Repository/Registrasi/Page_Advantage Shopping/path_testinglagi_menuUserSVGPath' is clicked on

12-02-2024T11:17:03 - [MESSAGE][INFO] - Unable to find the element located by 'By.xpath: //path[@id = 'menuUserSVGPath']'. Please recheck the objects properties to make sure the desired element is located. 

12-02-2024T11:17:03 - [MESSAGE][WARNING] - [SELF-HEALING] Failed to find element with id 'Object Repository/Registrasi/Page_Advantage Shopping/path_testinglagi_menuUserSVGPath'. Try using Self-healing.

12-02-2024T11:17:03 - [MESSAGE][WARNING] - [SELF-HEALING] The current locator of test object 'Object Repository/Registrasi/Page_Advantage Shopping/path_testinglagi_menuUserSVGPath' was broken. Propose an alternative one: '//*[@id = 'menuUserSVGPath']'.

12-02-2024T11:17:03 - [MESSAGE][PASSED] - Object: 'Object Repository/Registrasi/Page_Advantage Shopping/path_testinglagi_menuUserSVGPath' is clicked on]]></system-out>
         <system-err><![CDATA[]]></system-err>
      </testcase>
      <system-out><![CDATA[12-02-2024T11:15:04 - [TEST_SUITE][PASSED] - Final Assignment - Account: Test Cases/Final Assignment - Registrasi]]></system-out>
      <system-err><![CDATA[]]></system-err>
   </testsuite>
</testsuites>
