<?xml version="1.0" encoding="UTF-8"?>
<testsuites name="Final Assignment Web 1" time="182.038" tests="6" failures="0" errors="0">
   <testsuite name="TS - Final Assignment - Add and Search barang" tests="2" failures="0" errors="0" time="84.909" skipped="0" timestamp="12-02-2024T11:08:17" hostname="admin - localhost" id="Test Suites/TS - Final Assignment - Add and Search barang">
      <properties>
         <property name="deviceName" value=""/>
         <property name="devicePlatform" value=""/>
         <property name="logFolder" value="/Users/admin/git/assignment/Reports/20240212_110809/TS - Final Assignment - Add and Search barang/20240212_110810"/>
         <property name="logFiles" value="/Users/admin/git/assignment/Reports/20240212_110809/TS - Final Assignment - Add and Search barang/20240212_110810/execution0.log"/>
         <property name="attachments" value=""/>
         <property name="hostName" value="admin - localhost"/>
         <property name="os" value="Mac OS X 64bit"/>
         <property name="katalonVersion" value="9.3.0.212"/>
         <property name="browser" value="Chrome 117.0.0.0"/>
         <property name="hostAddress" value="127.0.0.1"/>
         <property name="sessionId" value="5ec80003d8f09abac6e175ffe2e243ea"/>
         <property name="seleniumVersion" value="3.141.59"/>
         <property name="proxyInformation" value="ProxyInformation { proxyOption=NO_PROXY, proxyServerType=HTTP, username=, password=********, proxyServerAddress=, proxyServerPort=0, executionList=&quot;&quot;, isApplyToDesiredCapabilities=true }"/>
         <property name="platform" value="Mac OS X"/>
      </properties>
      <testcase name="Test Cases/Final Assignment - Melakukan pencarian" time="45.098" classname="Test Cases/Final Assignment - Melakukan pencarian" status="PASSED">
         <system-out><![CDATA[12-02-2024T11:08:17 - [TEST_CASE][PASSED] - Test Cases/Final Assignment - Melakukan pencarian: Test Cases/Final Assignment - Melakukan pencarian

12-02-2024T11:08:17 - [TEST_STEP][PASSED] - openBrowser(""): Browser is opened with url: ''

12-02-2024T11:08:17 - [MESSAGE][INFO] - Starting 'Chrome' driver

12-02-2024T11:08:17 - [MESSAGE][INFO] - Action delay is set to 0 milliseconds

12-02-2024T11:08:19 - [MESSAGE][PASSED] - Browser is opened with url: ''

12-02-2024T11:08:19 - [TEST_STEP][PASSED] - navigateToUrl("https://advantageonlineshopping.com/#/"): Navigate to 'https://advantageonlineshopping.com/#/' successfully

12-02-2024T11:08:22 - [MESSAGE][PASSED] - Navigate to 'https://advantageonlineshopping.com/#/' successfully

12-02-2024T11:08:22 - [TEST_STEP][PASSED] - maximizeWindow(): Current window maximized

12-02-2024T11:08:23 - [MESSAGE][PASSED] - Current window maximized

12-02-2024T11:08:23 - [TEST_STEP][PASSED] - click(findTestObject("Object Repository/Page_Advantage Shopping/svg_Sign out_menuSearch")): Object: 'Object Repository/Page_Advantage Shopping/svg_Sign out_menuSearch' is clicked on

12-02-2024T11:08:27 - [MESSAGE][PASSED] - Object: 'Object Repository/Page_Advantage Shopping/svg_Sign out_menuSearch' is clicked on

12-02-2024T11:08:27 - [TEST_STEP][PASSED] - setText(findTestObject("Object Repository/Page_Advantage Shopping/input_Sign out_autoComplete"), "HP"): Text 'HP' is set on object 'Object Repository/Page_Advantage Shopping/input_Sign out_autoComplete'

12-02-2024T11:08:28 - [MESSAGE][PASSED] - Text 'HP' is set on object 'Object Repository/Page_Advantage Shopping/input_Sign out_autoComplete'

12-02-2024T11:08:28 - [TEST_STEP][PASSED] - click(findTestObject("Page_Advantage Shopping/Page_Advantage Shopping/section_HP H2310 IN-EAR HEADSET              13.99                SOLD OUT")): Object: 'Object Repository/Page_Advantage Shopping/Page_Advantage Shopping/section_HP H2310 IN-EAR HEADSET              13.99                SOLD OUT' is clicked on

12-02-2024T11:09:02 - [MESSAGE][PASSED] - Object: 'Object Repository/Page_Advantage Shopping/Page_Advantage Shopping/section_HP H2310 IN-EAR HEADSET              13.99                SOLD OUT' is clicked on

12-02-2024T11:09:02 - [TEST_STEP][PASSED] - closeBrowser(): Browser is closed

12-02-2024T11:09:02 - [MESSAGE][PASSED] - Browser is closed]]></system-out>
         <system-err><![CDATA[]]></system-err>
      </testcase>
      <testcase name="Test Cases/Final assognment - Add to chart" time="39.736" classname="Test Cases/Final assognment - Add to chart" status="PASSED">
         <system-out><![CDATA[12-02-2024T11:09:02 - [TEST_CASE][PASSED] - Test Cases/Final assognment - Add to chart: Test Cases/Final assognment - Add to chart

12-02-2024T11:09:02 - [TEST_STEP][PASSED] - openBrowser(""): Browser is opened with url: ''

12-02-2024T11:09:02 - [MESSAGE][INFO] - Starting 'Chrome' driver

12-02-2024T11:09:02 - [MESSAGE][INFO] - Action delay is set to 0 milliseconds

12-02-2024T11:09:03 - [MESSAGE][PASSED] - Browser is opened with url: ''

12-02-2024T11:09:03 - [TEST_STEP][PASSED] - navigateToUrl("https://advantageonlineshopping.com/#/"): Navigate to 'https://advantageonlineshopping.com/#/' successfully

12-02-2024T11:09:06 - [MESSAGE][PASSED] - Navigate to 'https://advantageonlineshopping.com/#/' successfully

12-02-2024T11:09:06 - [TEST_STEP][PASSED] - maximizeWindow(): Current window maximized

12-02-2024T11:09:07 - [MESSAGE][PASSED] - Current window maximized

12-02-2024T11:09:07 - [TEST_STEP][PASSED] - delay(1, STOP_ON_FAILURE): Delayed 1 second(s)

12-02-2024T11:09:08 - [MESSAGE][PASSED] - Delayed 1 second(s)

12-02-2024T11:09:08 - [TEST_STEP][PASSED] - click(findTestObject("Object Repository/add to chart/Page_Advantage Shopping/img_View Details_popular_item_21_img")): Object: 'Object Repository/add to chart/Page_Advantage Shopping/img_View Details_popular_item_21_img' is clicked on

12-02-2024T11:09:11 - [MESSAGE][PASSED] - Object: 'Object Repository/add to chart/Page_Advantage Shopping/img_View Details_popular_item_21_img' is clicked on

12-02-2024T11:09:11 - [TEST_STEP][PASSED] - click(findTestObject("Object Repository/add to chart/Page_Advantage Shopping/label_View Details")): Object: 'Object Repository/add to chart/Page_Advantage Shopping/label_View Details' is clicked on

12-02-2024T11:09:11 - [MESSAGE][PASSED] - Object: 'Object Repository/add to chart/Page_Advantage Shopping/label_View Details' is clicked on

12-02-2024T11:09:11 - [TEST_STEP][PASSED] - click(findTestObject("Object Repository/add to chart/Page_Advantage Shopping/div_Quantity_plus")): Object: 'Object Repository/add to chart/Page_Advantage Shopping/div_Quantity_plus' is clicked on

12-02-2024T11:09:16 - [MESSAGE][PASSED] - Object: 'Object Repository/add to chart/Page_Advantage Shopping/div_Quantity_plus' is clicked on

12-02-2024T11:09:16 - [TEST_STEP][PASSED] - click(findTestObject("Object Repository/add to chart/Page_Advantage Shopping/span_Color_bunny")): Object: 'Object Repository/add to chart/Page_Advantage Shopping/span_Color_bunny' is clicked on

12-02-2024T11:09:16 - [MESSAGE][PASSED] - Object: 'Object Repository/add to chart/Page_Advantage Shopping/span_Color_bunny' is clicked on

12-02-2024T11:09:16 - [TEST_STEP][PASSED] - click(findTestObject("Object Repository/add to chart/Page_Advantage Shopping/button_ADD TO CART")): Object: 'Object Repository/add to chart/Page_Advantage Shopping/button_ADD TO CART' is clicked on

12-02-2024T11:09:17 - [MESSAGE][PASSED] - Object: 'Object Repository/add to chart/Page_Advantage Shopping/button_ADD TO CART' is clicked on

12-02-2024T11:09:17 - [TEST_STEP][PASSED] - delay(1): Delayed 1 second(s)

12-02-2024T11:09:18 - [MESSAGE][PASSED] - Delayed 1 second(s)

12-02-2024T11:09:18 - [TEST_STEP][PASSED] - click(findTestObject("Object Repository/add to chart/Page_Advantage Shopping/svg_Management Console_menuCart")): Object: 'Object Repository/add to chart/Page_Advantage Shopping/svg_Management Console_menuCart' is clicked on

12-02-2024T11:09:18 - [MESSAGE][PASSED] - Object: 'Object Repository/add to chart/Page_Advantage Shopping/svg_Management Console_menuCart' is clicked on

12-02-2024T11:09:18 - [TEST_STEP][PASSED] - click(findTestObject("Object Repository/add to chart/Page_Advantage Shopping/div_Advantage Inc, 2024. Release 3.2_virtualFooter")): Object: 'Object Repository/add to chart/Page_Advantage Shopping/div_Advantage Inc, 2024. Release 3.2_virtualFooter' is clicked on

12-02-2024T11:09:42 - [MESSAGE][PASSED] - Object: 'Object Repository/add to chart/Page_Advantage Shopping/div_Advantage Inc, 2024. Release 3.2_virtualFooter' is clicked on]]></system-out>
         <system-err><![CDATA[]]></system-err>
      </testcase>
      <system-out><![CDATA[12-02-2024T11:08:17 - [TEST_SUITE][PASSED] - TS - Final Assignment - Add and Search barang: Test Cases/Final assognment - Add to chart]]></system-out>
      <system-err><![CDATA[]]></system-err>
   </testsuite>
   <testsuite name="Final Assignment - E2E Pembelian barang" tests="1" failures="0" errors="0" time="26.357" skipped="0" timestamp="12-02-2024T11:09:44" hostname="admin - localhost" id="Test Suites/Final Assignment - E2E Pembelian barang">
      <properties>
         <property name="deviceName" value=""/>
         <property name="devicePlatform" value=""/>
         <property name="logFolder" value="/Users/admin/git/assignment/Reports/20240212_110809/Final Assignment - E2E Pembelian barang/20240212_110812"/>
         <property name="logFiles" value="/Users/admin/git/assignment/Reports/20240212_110809/Final Assignment - E2E Pembelian barang/20240212_110812/execution0.log"/>
         <property name="attachments" value=""/>
         <property name="hostName" value="admin - localhost"/>
         <property name="os" value="Mac OS X 64bit"/>
         <property name="katalonVersion" value="9.3.0.212"/>
         <property name="browser" value="Chrome 117.0.0.0"/>
         <property name="hostAddress" value="127.0.0.1"/>
         <property name="sessionId" value="ff3973891a692266ffff240dff019c1b"/>
         <property name="seleniumVersion" value="3.141.59"/>
         <property name="proxyInformation" value="ProxyInformation { proxyOption=NO_PROXY, proxyServerType=HTTP, username=, password=********, proxyServerAddress=, proxyServerPort=0, executionList=&quot;&quot;, isApplyToDesiredCapabilities=true }"/>
         <property name="platform" value="Mac OS X"/>
      </properties>
      <testcase name="Test Cases/Final Assignment - Pembelian barang" time="26.292" classname="Test Cases/Final Assignment - Pembelian barang" status="PASSED">
         <system-out><![CDATA[12-02-2024T11:09:44 - [TEST_CASE][PASSED] - Test Cases/Final Assignment - Pembelian barang: Test Cases/Final Assignment - Pembelian barang

12-02-2024T11:09:44 - [TEST_STEP][PASSED] - openBrowser(""): Browser is opened with url: ''

12-02-2024T11:09:44 - [MESSAGE][INFO] - Starting 'Chrome' driver

12-02-2024T11:09:44 - [MESSAGE][INFO] - Action delay is set to 0 milliseconds

12-02-2024T11:09:45 - [MESSAGE][PASSED] - Browser is opened with url: ''

12-02-2024T11:09:45 - [TEST_STEP][PASSED] - navigateToUrl("https://advantageonlineshopping.com/#/"): Navigate to 'https://advantageonlineshopping.com/#/' successfully

12-02-2024T11:09:48 - [MESSAGE][PASSED] - Navigate to 'https://advantageonlineshopping.com/#/' successfully

12-02-2024T11:09:48 - [TEST_STEP][PASSED] - maximizeWindow(): Current window maximized

12-02-2024T11:09:48 - [MESSAGE][PASSED] - Current window maximized

12-02-2024T11:09:48 - [TEST_STEP][PASSED] - click(findTestObject("Object Repository/pembelian barang/Page_Advantage Shopping/a_OUR PRODUCTS")): Object: 'Object Repository/pembelian barang/Page_Advantage Shopping/a_OUR PRODUCTS' is clicked on

12-02-2024T11:09:56 - [MESSAGE][PASSED] - Object: 'Object Repository/pembelian barang/Page_Advantage Shopping/a_OUR PRODUCTS' is clicked on

12-02-2024T11:09:56 - [TEST_STEP][PASSED] - click(findTestObject("Object Repository/pembelian barang/Page_Advantage Shopping/a_OUR PRODUCTS")): Object: 'Object Repository/pembelian barang/Page_Advantage Shopping/a_OUR PRODUCTS' is clicked on

12-02-2024T11:09:56 - [MESSAGE][PASSED] - Object: 'Object Repository/pembelian barang/Page_Advantage Shopping/a_OUR PRODUCTS' is clicked on

12-02-2024T11:09:56 - [TEST_STEP][PASSED] - click(findTestObject("Object Repository/pembelian barang/Page_Advantage Shopping/label_View Details")): Object: 'Object Repository/pembelian barang/Page_Advantage Shopping/label_View Details' is clicked on

12-02-2024T11:09:56 - [MESSAGE][PASSED] - Object: 'Object Repository/pembelian barang/Page_Advantage Shopping/label_View Details' is clicked on

12-02-2024T11:09:56 - [TEST_STEP][PASSED] - click(findTestObject("Object Repository/pembelian barang/Page_Advantage Shopping/button_ADD TO CART (1)")): Object: 'Object Repository/pembelian barang/Page_Advantage Shopping/button_ADD TO CART (1)' is clicked on

12-02-2024T11:09:59 - [MESSAGE][PASSED] - Object: 'Object Repository/pembelian barang/Page_Advantage Shopping/button_ADD TO CART (1)' is clicked on

12-02-2024T11:09:59 - [TEST_STEP][PASSED] - click(findTestObject("Object Repository/pembelian barang/Page_Advantage Shopping/button_CHECKOUT  (1,261.99)")): Object: 'Object Repository/pembelian barang/Page_Advantage Shopping/button_CHECKOUT  (1,261.99)' is clicked on

12-02-2024T11:09:59 - [MESSAGE][PASSED] - Object: 'Object Repository/pembelian barang/Page_Advantage Shopping/button_CHECKOUT  (1,261.99)' is clicked on

12-02-2024T11:09:59 - [TEST_STEP][PASSED] - delay(2): Delayed 2 second(s)

12-02-2024T11:10:01 - [MESSAGE][PASSED] - Delayed 2 second(s)

12-02-2024T11:10:01 - [TEST_STEP][PASSED] - setText(findTestObject("Object Repository/pembelian barang/Page_Advantage Shopping/input_Already have an account_usernameInOrd_818284 (1)"), "testinglagi"): Text 'testinglagi' is set on object 'Object Repository/pembelian barang/Page_Advantage Shopping/input_Already have an account_usernameInOrd_818284 (1)'

12-02-2024T11:10:02 - [MESSAGE][PASSED] - Text 'testinglagi' is set on object 'Object Repository/pembelian barang/Page_Advantage Shopping/input_Already have an account_usernameInOrd_818284 (1)'

12-02-2024T11:10:02 - [TEST_STEP][PASSED] - setEncryptedText(findTestObject("Object Repository/pembelian barang/Page_Advantage Shopping/input_Username_passwordInOrderPayment (1)"), "iFGeFYmXIrUhQZHvW7P22w=="): Text ****** has been set on object 'Object Repository/pembelian barang/Page_Advantage Shopping/input_Username_passwordInOrderPayment (1)'

12-02-2024T11:10:03 - [MESSAGE][PASSED] - Text ****** has been set on object 'Object Repository/pembelian barang/Page_Advantage Shopping/input_Username_passwordInOrderPayment (1)'

12-02-2024T11:10:03 - [TEST_STEP][PASSED] - delay(2): Delayed 2 second(s)

12-02-2024T11:10:05 - [MESSAGE][PASSED] - Delayed 2 second(s)

12-02-2024T11:10:05 - [TEST_STEP][PASSED] - click(findTestObject("Object Repository/pembelian barang/Page_Advantage Shopping/button_LOGIN (1)")): Object: 'Object Repository/pembelian barang/Page_Advantage Shopping/button_LOGIN (1)' is clicked on

12-02-2024T11:10:05 - [MESSAGE][PASSED] - Object: 'Object Repository/pembelian barang/Page_Advantage Shopping/button_LOGIN (1)' is clicked on

12-02-2024T11:10:05 - [TEST_STEP][PASSED] - click(findTestObject("Object Repository/pembelian barang/Page_Advantage Shopping/button_NEXT (1)")): Object: 'Object Repository/pembelian barang/Page_Advantage Shopping/button_NEXT (1)' is clicked on

12-02-2024T11:10:09 - [MESSAGE][PASSED] - Object: 'Object Repository/pembelian barang/Page_Advantage Shopping/button_NEXT (1)' is clicked on

12-02-2024T11:10:09 - [TEST_STEP][PASSED] - click(findTestObject("Object Repository/pembelian barang/Page_Advantage Shopping/button_PAY NOW (1)")): Object: 'Object Repository/pembelian barang/Page_Advantage Shopping/button_PAY NOW (1)' is clicked on

12-02-2024T11:10:10 - [MESSAGE][PASSED] - Object: 'Object Repository/pembelian barang/Page_Advantage Shopping/button_PAY NOW (1)' is clicked on]]></system-out>
         <system-err><![CDATA[]]></system-err>
      </testcase>
      <system-out><![CDATA[12-02-2024T11:09:44 - [TEST_SUITE][PASSED] - Final Assignment - E2E Pembelian barang: Test Cases/Final Assignment - Pembelian barang]]></system-out>
      <system-err><![CDATA[]]></system-err>
   </testsuite>
   <testsuite name="TS - Final Assignment - Negatif Test" tests="3" failures="0" errors="0" time="64.948" skipped="0" timestamp="12-02-2024T11:10:12" hostname="admin - localhost" id="Test Suites/TS - Final Assignment - Negatif Test">
      <properties>
         <property name="deviceName" value=""/>
         <property name="devicePlatform" value=""/>
         <property name="logFolder" value="/Users/admin/git/assignment/Reports/20240212_110809/TS - Final Assignment - Negatif Test/20240212_110814"/>
         <property name="logFiles" value="/Users/admin/git/assignment/Reports/20240212_110809/TS - Final Assignment - Negatif Test/20240212_110814/execution0.log"/>
         <property name="attachments" value=""/>
         <property name="hostName" value="admin - localhost"/>
         <property name="os" value="Mac OS X 64bit"/>
         <property name="katalonVersion" value="9.3.0.212"/>
         <property name="browser" value="Chrome 117.0.0.0"/>
         <property name="hostAddress" value="127.0.0.1"/>
         <property name="sessionId" value="970f34f113eea3a1f2c8d976d05a37d4"/>
         <property name="seleniumVersion" value="3.141.59"/>
         <property name="proxyInformation" value="ProxyInformation { proxyOption=NO_PROXY, proxyServerType=HTTP, username=, password=********, proxyServerAddress=, proxyServerPort=0, executionList=&quot;&quot;, isApplyToDesiredCapabilities=true }"/>
         <property name="platform" value="Mac OS X"/>
      </properties>
      <testcase name="Test Cases/Final Assignment - Negative Test - Registrasi salah" time="11.204" classname="Test Cases/Final Assignment - Negative Test - Registrasi salah" status="PASSED">
         <system-out><![CDATA[12-02-2024T11:10:12 - [TEST_CASE][PASSED] - Test Cases/Final Assignment - Negative Test - Registrasi salah: Test Cases/Final Assignment - Negative Test - Registrasi salah

12-02-2024T11:10:12 - [TEST_STEP][PASSED] - openBrowser(""): Browser is opened with url: ''

12-02-2024T11:10:12 - [MESSAGE][INFO] - Starting 'Chrome' driver

12-02-2024T11:10:12 - [MESSAGE][INFO] - Action delay is set to 0 milliseconds

12-02-2024T11:10:13 - [MESSAGE][PASSED] - Browser is opened with url: ''

12-02-2024T11:10:13 - [TEST_STEP][PASSED] - navigateToUrl("https://advantageonlineshopping.com/#/"): Navigate to 'https://advantageonlineshopping.com/#/' successfully

12-02-2024T11:10:16 - [MESSAGE][PASSED] - Navigate to 'https://advantageonlineshopping.com/#/' successfully

12-02-2024T11:10:16 - [TEST_STEP][PASSED] - click(findTestObject("Object Repository/Incorect pasword/Page_Advantage Shopping/svg_CHECKOUT  (0.00)_menuUser")): Object: 'Object Repository/Incorect pasword/Page_Advantage Shopping/svg_CHECKOUT  (0.00)_menuUser' is clicked on

12-02-2024T11:10:20 - [MESSAGE][PASSED] - Object: 'Object Repository/Incorect pasword/Page_Advantage Shopping/svg_CHECKOUT  (0.00)_menuUser' is clicked on

12-02-2024T11:10:20 - [TEST_STEP][PASSED] - setText(findTestObject("Object Repository/Incorect pasword/Page_Advantage Shopping/input_OR_username"), "testinglagi"): Text 'testinglagi' is set on object 'Object Repository/Incorect pasword/Page_Advantage Shopping/input_OR_username'

12-02-2024T11:10:21 - [MESSAGE][PASSED] - Text 'testinglagi' is set on object 'Object Repository/Incorect pasword/Page_Advantage Shopping/input_OR_username'

12-02-2024T11:10:21 - [TEST_STEP][PASSED] - click(findTestObject("Object Repository/Incorect pasword/Page_Advantage Shopping/label_Password")): Object: 'Object Repository/Incorect pasword/Page_Advantage Shopping/label_Password' is clicked on

12-02-2024T11:10:22 - [MESSAGE][PASSED] - Object: 'Object Repository/Incorect pasword/Page_Advantage Shopping/label_Password' is clicked on

12-02-2024T11:10:22 - [TEST_STEP][PASSED] - setEncryptedText(findTestObject("Object Repository/Incorect pasword/Page_Advantage Shopping/input_Username_password"), "ZLXfnKkYy3s3+4kUSISoMA=="): Text ****** has been set on object 'Object Repository/Incorect pasword/Page_Advantage Shopping/input_Username_password'

12-02-2024T11:10:22 - [MESSAGE][PASSED] - Text ****** has been set on object 'Object Repository/Incorect pasword/Page_Advantage Shopping/input_Username_password'

12-02-2024T11:10:22 - [TEST_STEP][PASSED] - click(findTestObject("Object Repository/Incorect pasword/Page_Advantage Shopping/button_SIGN IN")): Object: 'Object Repository/Incorect pasword/Page_Advantage Shopping/button_SIGN IN' is clicked on

12-02-2024T11:10:23 - [MESSAGE][PASSED] - Object: 'Object Repository/Incorect pasword/Page_Advantage Shopping/button_SIGN IN' is clicked on]]></system-out>
         <system-err><![CDATA[]]></system-err>
      </testcase>
      <testcase name="Test Cases/Final Assignment - Negative TC - Username kosong" time="40.697" classname="Test Cases/Final Assignment - Negative TC - Username kosong" status="PASSED">
         <system-out><![CDATA[12-02-2024T11:10:23 - [TEST_CASE][PASSED] - Test Cases/Final Assignment - Negative TC - Username kosong: Test Cases/Final Assignment - Negative TC - Username kosong

12-02-2024T11:10:23 - [TEST_STEP][PASSED] - openBrowser(""): Browser is opened with url: ''

12-02-2024T11:10:23 - [MESSAGE][WARNING] - A browser is already opened. Closing browser and opening a new one

12-02-2024T11:10:23 - [MESSAGE][INFO] - Starting 'Chrome' driver

12-02-2024T11:10:23 - [MESSAGE][INFO] - Action delay is set to 0 milliseconds

12-02-2024T11:10:24 - [MESSAGE][PASSED] - Browser is opened with url: ''

12-02-2024T11:10:24 - [TEST_STEP][PASSED] - navigateToUrl("https://advantageonlineshopping.com/#/"): Navigate to 'https://advantageonlineshopping.com/#/' successfully

12-02-2024T11:10:26 - [MESSAGE][PASSED] - Navigate to 'https://advantageonlineshopping.com/#/' successfully

12-02-2024T11:10:26 - [TEST_STEP][PASSED] - click(findTestObject("Object Repository/username kosong/Page_Advantage Shopping/svg_CHECKOUT  (0.00)_menuUser (1)")): Object: 'Object Repository/username kosong/Page_Advantage Shopping/svg_CHECKOUT  (0.00)_menuUser (1)' is clicked on

12-02-2024T11:10:31 - [MESSAGE][PASSED] - Object: 'Object Repository/username kosong/Page_Advantage Shopping/svg_CHECKOUT  (0.00)_menuUser (1)' is clicked on

12-02-2024T11:10:31 - [TEST_STEP][PASSED] - click(findTestObject("Object Repository/username kosong/Page_Advantage Shopping/label_Password")): Object: 'Object Repository/username kosong/Page_Advantage Shopping/label_Password' is clicked on

12-02-2024T11:11:02 - [MESSAGE][INFO] - Unable to find the element located by 'By.xpath: (.//*[normalize-space(text()) and normalize-space(.)='Username field is required'])[1]/following::label[1]'. Please recheck the objects properties to make sure the desired element is located. 

12-02-2024T11:11:02 - [MESSAGE][WARNING] - [SELF-HEALING] Failed to find element with id 'Object Repository/username kosong/Page_Advantage Shopping/label_Password'. Try using Self-healing.

12-02-2024T11:11:02 - [MESSAGE][INFO] - [SELF-HEALING] Failed Locator: '(.//*[normalize-space(text()) and normalize-space(.)='Username field is required'])[1]/following::label[1]'.

12-02-2024T11:11:02 - [MESSAGE][INFO] - [SELF-HEALING] Working Locator: '(.//*[normalize-space(text()) and normalize-space(.)='Username'])[1]/following::label[2]'.

12-02-2024T11:11:03 - [MESSAGE][INFO] - [SELF-HEALING] Screenshot: /Users/admin/git/assignment/Reports/Self-healing/Object Repository/username kosong/Page_Advantage Shopping/label_Password_neighbor.png

12-02-2024T11:11:03 - [MESSAGE][WARNING] - [SELF-HEALING] The current locator of test object 'Object Repository/username kosong/Page_Advantage Shopping/label_Password' was broken. Propose an alternative one: '(.//*[normalize-space(text()) and normalize-space(.)='Username'])[1]/following::label[2]'.

12-02-2024T11:11:03 - [MESSAGE][PASSED] - Object: 'Object Repository/username kosong/Page_Advantage Shopping/label_Password' is clicked on

12-02-2024T11:11:03 - [TEST_STEP][PASSED] - setEncryptedText(findTestObject("Object Repository/username kosong/Page_Advantage Shopping/input_Username field is required_password"), "ukMkQ5mr6XVa1UrB1wTCDQ=="): Text ****** has been set on object 'Object Repository/username kosong/Page_Advantage Shopping/input_Username field is required_password'

12-02-2024T11:11:04 - [MESSAGE][PASSED] - Text ****** has been set on object 'Object Repository/username kosong/Page_Advantage Shopping/input_Username field is required_password']]></system-out>
         <system-err><![CDATA[]]></system-err>
      </testcase>
      <testcase name="Test Cases/Final Assignment - Negatif TC - Login double web" time="12.98" classname="Test Cases/Final Assignment - Negatif TC - Login double web" status="PASSED">
         <system-out><![CDATA[12-02-2024T11:11:04 - [TEST_CASE][PASSED] - Test Cases/Final Assignment - Negatif TC - Login double web: Test Cases/Final Assignment - Negatif TC - Login double web

12-02-2024T11:11:04 - [TEST_STEP][PASSED] - openBrowser(""): Browser is opened with url: ''

12-02-2024T11:11:04 - [MESSAGE][WARNING] - A browser is already opened. Closing browser and opening a new one

12-02-2024T11:11:04 - [MESSAGE][INFO] - Starting 'Chrome' driver

12-02-2024T11:11:04 - [MESSAGE][INFO] - Action delay is set to 0 milliseconds

12-02-2024T11:11:05 - [MESSAGE][PASSED] - Browser is opened with url: ''

12-02-2024T11:11:05 - [TEST_STEP][PASSED] - navigateToUrl("https://advantageonlineshopping.com/#/"): Navigate to 'https://advantageonlineshopping.com/#/' successfully

12-02-2024T11:11:07 - [MESSAGE][PASSED] - Navigate to 'https://advantageonlineshopping.com/#/' successfully

12-02-2024T11:11:07 - [TEST_STEP][PASSED] - maximizeWindow(): Current window maximized

12-02-2024T11:11:08 - [MESSAGE][PASSED] - Current window maximized

12-02-2024T11:11:08 - [TEST_STEP][PASSED] - click(findTestObject("Object Repository/Incorect pasword/Page_Advantage Shopping/svg_CHECKOUT  (0.00)_menuUser")): Object: 'Object Repository/Incorect pasword/Page_Advantage Shopping/svg_CHECKOUT  (0.00)_menuUser' is clicked on

12-02-2024T11:11:12 - [MESSAGE][PASSED] - Object: 'Object Repository/Incorect pasword/Page_Advantage Shopping/svg_CHECKOUT  (0.00)_menuUser' is clicked on

12-02-2024T11:11:12 - [TEST_STEP][PASSED] - setText(findTestObject("Object Repository/Incorect pasword/Page_Advantage Shopping/input_OR_username"), "testing"): Text 'testing' is set on object 'Object Repository/Incorect pasword/Page_Advantage Shopping/input_OR_username'

12-02-2024T11:11:12 - [MESSAGE][PASSED] - Text 'testing' is set on object 'Object Repository/Incorect pasword/Page_Advantage Shopping/input_OR_username'

12-02-2024T11:11:12 - [TEST_STEP][PASSED] - click(findTestObject("Object Repository/Incorect pasword/Page_Advantage Shopping/label_Password")): Object: 'Object Repository/Incorect pasword/Page_Advantage Shopping/label_Password' is clicked on

12-02-2024T11:11:14 - [MESSAGE][PASSED] - Object: 'Object Repository/Incorect pasword/Page_Advantage Shopping/label_Password' is clicked on

12-02-2024T11:11:14 - [TEST_STEP][PASSED] - setEncryptedText(findTestObject("Object Repository/Incorect pasword/Page_Advantage Shopping/input_Username_password"), "iFGeFYmXIrUhQZHvW7P22w=="): Text ****** has been set on object 'Object Repository/Incorect pasword/Page_Advantage Shopping/input_Username_password'

12-02-2024T11:11:14 - [MESSAGE][PASSED] - Text ****** has been set on object 'Object Repository/Incorect pasword/Page_Advantage Shopping/input_Username_password'

12-02-2024T11:11:14 - [TEST_STEP][PASSED] - click(findTestObject("Object Repository/Incorect pasword/Page_Advantage Shopping/button_SIGN IN")): Object: 'Object Repository/Incorect pasword/Page_Advantage Shopping/button_SIGN IN' is clicked on

12-02-2024T11:11:15 - [MESSAGE][PASSED] - Object: 'Object Repository/Incorect pasword/Page_Advantage Shopping/button_SIGN IN' is clicked on

12-02-2024T11:11:15 - [TEST_STEP][PASSED] - delay(2): Delayed 2 second(s)

12-02-2024T11:11:17 - [MESSAGE][PASSED] - Delayed 2 second(s)]]></system-out>
         <system-err><![CDATA[]]></system-err>
      </testcase>
      <system-out><![CDATA[12-02-2024T11:10:12 - [TEST_SUITE][PASSED] - TS - Final Assignment - Negatif Test: Test Cases/Final Assignment - Negatif TC - Login double web]]></system-out>
      <system-err><![CDATA[]]></system-err>
   </testsuite>
</testsuites>
