<?xml version="1.0" encoding="UTF-8"?>
<testsuites name="TS - Final Assignment - Negatif Test" time="36.967" tests="3" failures="0" errors="0">
   <testsuite name="TS - Final Assignment - Negatif Test" tests="3" failures="0" errors="0" time="36.967" skipped="0" timestamp="12-02-2024T11:28:22" hostname="admin - 172.16.213.220" id="Test Suites/TS - Final Assignment - Negatif Test">
      <properties>
         <property name="deviceName" value=""/>
         <property name="devicePlatform" value=""/>
         <property name="logFolder" value="/Users/admin/git/assignment/Reports/20240212_112818/TS - Final Assignment - Negatif Test/20240212_112819"/>
         <property name="logFiles" value="/Users/admin/git/assignment/Reports/20240212_112818/TS - Final Assignment - Negatif Test/20240212_112819/execution0.log"/>
         <property name="attachments" value=""/>
         <property name="hostName" value="admin - 172.16.213.220"/>
         <property name="os" value="Mac OS X 64bit"/>
         <property name="katalonVersion" value="9.3.0.212"/>
         <property name="browser" value="Chrome 117.0.0.0"/>
         <property name="hostAddress" value="172.16.213.220"/>
         <property name="sessionId" value="8aff590993413418f5865ca363910724"/>
         <property name="seleniumVersion" value="3.141.59"/>
         <property name="proxyInformation" value="ProxyInformation { proxyOption=NO_PROXY, proxyServerType=HTTP, username=, password=********, proxyServerAddress=, proxyServerPort=0, executionList=&quot;&quot;, isApplyToDesiredCapabilities=true }"/>
         <property name="platform" value="Mac OS X"/>
      </properties>
      <testcase name="Test Cases/Final Assignment - Negative Test - Registrasi salah" time="12.043" classname="Test Cases/Final Assignment - Negative Test - Registrasi salah" status="PASSED">
         <system-out><![CDATA[12-02-2024T11:28:22 - [TEST_CASE][PASSED] - Test Cases/Final Assignment - Negative Test - Registrasi salah: Test Cases/Final Assignment - Negative Test - Registrasi salah

12-02-2024T11:28:22 - [TEST_STEP][PASSED] - openBrowser(""): Browser is opened with url: ''

12-02-2024T11:28:22 - [MESSAGE][INFO] - Starting 'Chrome' driver

12-02-2024T11:28:22 - [MESSAGE][INFO] - Action delay is set to 0 milliseconds

12-02-2024T11:28:24 - [MESSAGE][PASSED] - Browser is opened with url: ''

12-02-2024T11:28:24 - [TEST_STEP][PASSED] - navigateToUrl("https://advantageonlineshopping.com/#/"): Navigate to 'https://advantageonlineshopping.com/#/' successfully

12-02-2024T11:28:27 - [MESSAGE][PASSED] - Navigate to 'https://advantageonlineshopping.com/#/' successfully

12-02-2024T11:28:27 - [TEST_STEP][PASSED] - click(findTestObject("Object Repository/Incorect pasword/Page_Advantage Shopping/svg_CHECKOUT  (0.00)_menuUser")): Object: 'Object Repository/Incorect pasword/Page_Advantage Shopping/svg_CHECKOUT  (0.00)_menuUser' is clicked on

12-02-2024T11:28:31 - [MESSAGE][PASSED] - Object: 'Object Repository/Incorect pasword/Page_Advantage Shopping/svg_CHECKOUT  (0.00)_menuUser' is clicked on

12-02-2024T11:28:31 - [TEST_STEP][PASSED] - setText(findTestObject("Object Repository/Incorect pasword/Page_Advantage Shopping/input_OR_username"), "testinglagi"): Text 'testinglagi' is set on object 'Object Repository/Incorect pasword/Page_Advantage Shopping/input_OR_username'

12-02-2024T11:28:32 - [MESSAGE][PASSED] - Text 'testinglagi' is set on object 'Object Repository/Incorect pasword/Page_Advantage Shopping/input_OR_username'

12-02-2024T11:28:32 - [TEST_STEP][PASSED] - click(findTestObject("Object Repository/Incorect pasword/Page_Advantage Shopping/label_Password")): Object: 'Object Repository/Incorect pasword/Page_Advantage Shopping/label_Password' is clicked on

12-02-2024T11:28:33 - [MESSAGE][PASSED] - Object: 'Object Repository/Incorect pasword/Page_Advantage Shopping/label_Password' is clicked on

12-02-2024T11:28:33 - [TEST_STEP][PASSED] - setEncryptedText(findTestObject("Object Repository/Incorect pasword/Page_Advantage Shopping/input_Username_password"), "ZLXfnKkYy3s3+4kUSISoMA=="): Text ****** has been set on object 'Object Repository/Incorect pasword/Page_Advantage Shopping/input_Username_password'

12-02-2024T11:28:33 - [MESSAGE][PASSED] - Text ****** has been set on object 'Object Repository/Incorect pasword/Page_Advantage Shopping/input_Username_password'

12-02-2024T11:28:33 - [TEST_STEP][PASSED] - click(findTestObject("Object Repository/Incorect pasword/Page_Advantage Shopping/button_SIGN IN")): Object: 'Object Repository/Incorect pasword/Page_Advantage Shopping/button_SIGN IN' is clicked on

12-02-2024T11:28:34 - [MESSAGE][PASSED] - Object: 'Object Repository/Incorect pasword/Page_Advantage Shopping/button_SIGN IN' is clicked on]]></system-out>
         <system-err><![CDATA[]]></system-err>
      </testcase>
      <testcase name="Test Cases/Final Assignment - Negative TC - Username kosong" time="11.786" classname="Test Cases/Final Assignment - Negative TC - Username kosong" status="PASSED">
         <system-out><![CDATA[12-02-2024T11:28:34 - [TEST_CASE][PASSED] - Test Cases/Final Assignment - Negative TC - Username kosong: Test Cases/Final Assignment - Negative TC - Username kosong

12-02-2024T11:28:34 - [TEST_STEP][PASSED] - openBrowser(""): Browser is opened with url: ''

12-02-2024T11:28:34 - [MESSAGE][WARNING] - A browser is already opened. Closing browser and opening a new one

12-02-2024T11:28:34 - [MESSAGE][INFO] - Starting 'Chrome' driver

12-02-2024T11:28:34 - [MESSAGE][INFO] - Action delay is set to 0 milliseconds

12-02-2024T11:28:35 - [MESSAGE][PASSED] - Browser is opened with url: ''

12-02-2024T11:28:35 - [TEST_STEP][PASSED] - navigateToUrl("https://advantageonlineshopping.com/#/"): Navigate to 'https://advantageonlineshopping.com/#/' successfully

12-02-2024T11:28:38 - [MESSAGE][PASSED] - Navigate to 'https://advantageonlineshopping.com/#/' successfully

12-02-2024T11:28:38 - [TEST_STEP][PASSED] - click(findTestObject("Object Repository/username kosong/Page_Advantage Shopping/svg_CHECKOUT  (0.00)_menuUser (1)")): Object: 'Object Repository/username kosong/Page_Advantage Shopping/svg_CHECKOUT  (0.00)_menuUser (1)' is clicked on

12-02-2024T11:28:42 - [MESSAGE][PASSED] - Object: 'Object Repository/username kosong/Page_Advantage Shopping/svg_CHECKOUT  (0.00)_menuUser (1)' is clicked on

12-02-2024T11:28:42 - [TEST_STEP][PASSED] - click(findTestObject("Object Repository/username kosong/Page_Advantage Shopping/label_Password")): Object: 'Object Repository/username kosong/Page_Advantage Shopping/label_Password' is clicked on

12-02-2024T11:28:45 - [MESSAGE][PASSED] - Object: 'Object Repository/username kosong/Page_Advantage Shopping/label_Password' is clicked on

12-02-2024T11:28:45 - [TEST_STEP][PASSED] - setEncryptedText(findTestObject("Object Repository/username kosong/Page_Advantage Shopping/input_Username field is required_password"), "ukMkQ5mr6XVa1UrB1wTCDQ=="): Text ****** has been set on object 'Object Repository/username kosong/Page_Advantage Shopping/input_Username field is required_password'

12-02-2024T11:28:46 - [MESSAGE][PASSED] - Text ****** has been set on object 'Object Repository/username kosong/Page_Advantage Shopping/input_Username field is required_password']]></system-out>
         <system-err><![CDATA[]]></system-err>
      </testcase>
      <testcase name="Test Cases/Final Assignment - Negatif TC - Login double web" time="13.065" classname="Test Cases/Final Assignment - Negatif TC - Login double web" status="PASSED">
         <system-out><![CDATA[12-02-2024T11:28:46 - [TEST_CASE][PASSED] - Test Cases/Final Assignment - Negatif TC - Login double web: Test Cases/Final Assignment - Negatif TC - Login double web

12-02-2024T11:28:46 - [TEST_STEP][PASSED] - openBrowser(""): Browser is opened with url: ''

12-02-2024T11:28:46 - [MESSAGE][WARNING] - A browser is already opened. Closing browser and opening a new one

12-02-2024T11:28:46 - [MESSAGE][INFO] - Starting 'Chrome' driver

12-02-2024T11:28:46 - [MESSAGE][INFO] - Action delay is set to 0 milliseconds

12-02-2024T11:28:47 - [MESSAGE][PASSED] - Browser is opened with url: ''

12-02-2024T11:28:47 - [TEST_STEP][PASSED] - navigateToUrl("https://advantageonlineshopping.com/#/"): Navigate to 'https://advantageonlineshopping.com/#/' successfully

12-02-2024T11:28:49 - [MESSAGE][PASSED] - Navigate to 'https://advantageonlineshopping.com/#/' successfully

12-02-2024T11:28:49 - [TEST_STEP][PASSED] - maximizeWindow(): Current window maximized

12-02-2024T11:28:50 - [MESSAGE][PASSED] - Current window maximized

12-02-2024T11:28:50 - [TEST_STEP][PASSED] - click(findTestObject("Object Repository/Incorect pasword/Page_Advantage Shopping/svg_CHECKOUT  (0.00)_menuUser")): Object: 'Object Repository/Incorect pasword/Page_Advantage Shopping/svg_CHECKOUT  (0.00)_menuUser' is clicked on

12-02-2024T11:28:54 - [MESSAGE][PASSED] - Object: 'Object Repository/Incorect pasword/Page_Advantage Shopping/svg_CHECKOUT  (0.00)_menuUser' is clicked on

12-02-2024T11:28:54 - [TEST_STEP][PASSED] - setText(findTestObject("Object Repository/Incorect pasword/Page_Advantage Shopping/input_OR_username"), "testing"): Text 'testing' is set on object 'Object Repository/Incorect pasword/Page_Advantage Shopping/input_OR_username'

12-02-2024T11:28:55 - [MESSAGE][PASSED] - Text 'testing' is set on object 'Object Repository/Incorect pasword/Page_Advantage Shopping/input_OR_username'

12-02-2024T11:28:55 - [TEST_STEP][PASSED] - click(findTestObject("Object Repository/Incorect pasword/Page_Advantage Shopping/label_Password")): Object: 'Object Repository/Incorect pasword/Page_Advantage Shopping/label_Password' is clicked on

12-02-2024T11:28:56 - [MESSAGE][PASSED] - Object: 'Object Repository/Incorect pasword/Page_Advantage Shopping/label_Password' is clicked on

12-02-2024T11:28:56 - [TEST_STEP][PASSED] - setEncryptedText(findTestObject("Object Repository/Incorect pasword/Page_Advantage Shopping/input_Username_password"), "iFGeFYmXIrUhQZHvW7P22w=="): Text ****** has been set on object 'Object Repository/Incorect pasword/Page_Advantage Shopping/input_Username_password'

12-02-2024T11:28:56 - [MESSAGE][PASSED] - Text ****** has been set on object 'Object Repository/Incorect pasword/Page_Advantage Shopping/input_Username_password'

12-02-2024T11:28:56 - [TEST_STEP][PASSED] - click(findTestObject("Object Repository/Incorect pasword/Page_Advantage Shopping/button_SIGN IN")): Object: 'Object Repository/Incorect pasword/Page_Advantage Shopping/button_SIGN IN' is clicked on

12-02-2024T11:28:57 - [MESSAGE][PASSED] - Object: 'Object Repository/Incorect pasword/Page_Advantage Shopping/button_SIGN IN' is clicked on

12-02-2024T11:28:57 - [TEST_STEP][PASSED] - delay(2): Delayed 2 second(s)

12-02-2024T11:28:59 - [MESSAGE][PASSED] - Delayed 2 second(s)]]></system-out>
         <system-err><![CDATA[]]></system-err>
      </testcase>
      <system-out><![CDATA[12-02-2024T11:28:22 - [TEST_SUITE][PASSED] - TS - Final Assignment - Negatif Test: Test Cases/Final Assignment - Negatif TC - Login double web]]></system-out>
      <system-err><![CDATA[]]></system-err>
   </testsuite>
</testsuites>
